<?xml version="1.0" encoding="UTF-8"?>
<testsuite xmlns:xsi="http://www.w3.org/2001/XMLSchema-instance" xsi:noNamespaceSchemaLocation="https://maven.apache.org/surefire/maven-surefire-plugin/xsd/surefire-test-report.xsd" version="3.0.2" name="cpsc326.ParserTest" time="0.396" tests="53" errors="0" skipped="0" failures="0">
  <properties>
[...]
</properties>
  <testcase name="printsUnaryExpressions" classname="cpsc326.ParserTest" time="0.009"/>
  <testcase name="printsPrecedenceUsingPrefixNotation" classname="cpsc326.ParserTest" time="0.01"/>
  <testcase name="runtimeErrorForInvalidAdditionOperands" classname="cpsc326.ParserTest" time="0.004"/>
  <testcase name="runtimeErrorForSubtractionOnMixedTypes" classname="cpsc326.ParserTest" time="0.003"/>
  <testcase name="respectsComparisonBeforeEquality" classname="cpsc326.ParserTest" time="0.004"/>
  <testcase name="handlesCommentsAndWhitespaceDuringParse" classname="cpsc326.ParserTest" time="0.002"/>
  <testcase name="parsesPrimaryLiterals(String, String)[1]" classname="cpsc326.ParserTest" time="0.079"/>
  <testcase name="parsesPrimaryLiterals(String, String)[2]" classname="cpsc326.ParserTest" time="0.003"/>
  <testcase name="parsesPrimaryLiterals(String, String)[3]" classname="cpsc326.ParserTest" time="0.002"/>
  <testcase name="parsesPrimaryLiterals(String, String)[4]" classname="cpsc326.ParserTest" time="0.002"/>
  <testcase name="parsesPrimaryLiterals(String, String)[5]" classname="cpsc326.ParserTest" time="0.0"/>
  <testcase name="factorOperatorsAreLeftAssociative" classname="cpsc326.ParserTest" time="0.002"/>
  <testcase name="equalityOperatorsAreLeftAssociative" classname="cpsc326.ParserTest" time="0.001"/>
  <testcase name="reportsUnaryPlusAsInvalidPrimary" classname="cpsc326.ParserTest" time="0.004"/>
  <testcase name="evaluatesBooleanEqualityOutput" classname="cpsc326.ParserTest" time="0.002">
    <system-out><![CDATA[false

]]></system-out>
  </testcase>
  <testcase name="respectsFactorPrecedenceOverTerm" classname="cpsc326.ParserTest" time="0.003"/>
  <testcase name="parsesSingleBinaryExpressions(String, String)[1]" classname="cpsc326.ParserTest" time="0.003"/>
  <testcase name="parsesSingleBinaryExpressions(String, String)[2]" classname="cpsc326.ParserTest" time="0.0"/>
  <testcase name="parsesSingleBinaryExpressions(String, String)[3]" classname="cpsc326.ParserTest" time="0.001"/>
  <testcase name="parsesSingleBinaryExpressions(String, String)[4]" classname="cpsc326.ParserTest" time="0.001"/>
  <testcase name="parsesSingleBinaryExpressions(String, String)[5]" classname="cpsc326.ParserTest" time="0.001"/>
  <testcase name="parsesSingleBinaryExpressions(String, String)[6]" classname="cpsc326.ParserTest" time="0.002"/>
  <testcase name="parsesSingleBinaryExpressions(String, String)[7]" classname="cpsc326.ParserTest" time="0.003"/>
  <testcase name="parsesSingleBinaryExpressions(String, String)[8]" classname="cpsc326.ParserTest" time="0.0"/>
  <testcase name="parsesSingleBinaryExpressions(String, String)[9]" classname="cpsc326.ParserTest" time="0.002"/>
  <testcase name="parsesSingleBinaryExpressions(String, String)[10]" classname="cpsc326.ParserTest" time="0.002"/>
  <testcase name="respectsParenthesesOverDefaultPrecedence" classname="cpsc326.ParserTest" time="0.001"/>
  <testcase name="termOperatorsAreLeftAssociative" classname="cpsc326.ParserTest" time="0.002"/>
  <testcase name="reportsUnexpectedTokenAtStart" classname="cpsc326.ParserTest" time="0.008"/>
  <testcase name="evaluatesExpressions(String, String)[1]" classname="cpsc326.ParserTest" time="0.003"/>
  <testcase name="evaluatesExpressions(String, String)[2]" classname="cpsc326.ParserTest" time="0.002"/>
  <testcase name="evaluatesExpressions(String, String)[3]" classname="cpsc326.ParserTest" time="0.002"/>
  <testcase name="evaluatesExpressions(String, String)[4]" classname="cpsc326.ParserTest" time="0.001"/>
  <testcase name="evaluatesExpressions(String, String)[5]" classname="cpsc326.ParserTest" time="0.004"/>
  <testcase name="evaluatesExpressions(String, String)[6]" classname="cpsc326.ParserTest" time="0.002"/>
  <testcase name="evaluatesExpressions(String, String)[7]" classname="cpsc326.ParserTest" time="0.003"/>
  <testcase name="evaluatesExpressions(String, String)[8]" classname="cpsc326.ParserTest" time="0.001"/>
  <testcase name="evaluatesExpressions(String, String)[9]" classname="cpsc326.ParserTest" time="0.0"/>
  <testcase name="evaluatesExpressions(String, String)[10]" classname="cpsc326.ParserTest" time="0.0"/>
  <testcase name="parsesComplexMixedExpressionFromAssignmentStyleInput" classname="cpsc326.ParserTest" time="0.001"/>
  <testcase name="printsGroupingExplicitly" classname="cpsc326.ParserTest" time="0.0"/>
  <testcase name="reportsMissingRightParen" classname="cpsc326.ParserTest" time="0.002"/>
  <testcase name="runtimeErrorStoresTokenAndMessage" classname="cpsc326.ParserTest" time="0.004"/>
  <testcase name="parsesUnaryExpressions(String, String)[1]" classname="cpsc326.ParserTest" time="0.005"/>
  <testcase name="parsesUnaryExpressions(String, String)[2]" classname="cpsc326.ParserTest" time="0.0"/>
  <testcase name="parsesUnaryExpressions(String, String)[3]" classname="cpsc326.ParserTest" time="0.0"/>
  <testcase name="parsesUnaryExpressions(String, String)[4]" classname="cpsc326.ParserTest" time="0.0"/>
  <testcase name="runtimeErrorForNumericComparisonOnBoolean" classname="cpsc326.ParserTest" time="0.004"/>
  <testcase name="reportsEmptyInputAsExpectExpression" classname="cpsc326.ParserTest" time="0.0"/>
  <testcase name="printsComparisonInsideEquality" classname="cpsc326.ParserTest" time="0.0"/>
  <testcase name="stringifiesNilAsNil" classname="cpsc326.ParserTest" time="0.0"/>
  <testcase name="stringifiesWholeNumberDoubleWithoutDecimalSuffix" classname="cpsc326.ParserTest" time="0.0"/>
  <testcase name="runtimeErrorForUnaryMinusOnString" classname="cpsc326.ParserTest" time="0.0"/>
</testsuite>