<?xml version="1.0" encoding="UTF-8"?>
<testsuite xmlns:xsi="http://www.w3.org/2001/XMLSchema-instance" xsi:noNamespaceSchemaLocation="https://maven.apache.org/surefire/maven-surefire-plugin/xsd/surefire-test-report.xsd" version="3.0.2" name="cpsc326.InterpreterTest" time="0.242" tests="9" errors="0" skipped="0" failures="0">
  <properties>
[...]
</properties>
  <testcase name="TestAddStringToNumber" classname="cpsc326.InterpreterTest" time="0.114">
    <system-err><![CDATA[[line 1] Error: Operands must be two numbers or two strings.
]]></system-err>
  </testcase>
  <testcase name="TestAddStringToString" classname="cpsc326.InterpreterTest" time="0.0"/>
  <testcase name="TestOrderOfOperations" classname="cpsc326.InterpreterTest" time="0.003"/>
  <testcase name="TestGroupings" classname="cpsc326.InterpreterTest" time="0.014"/>
  <testcase name="TestNil" classname="cpsc326.InterpreterTest" time="0.006"/>
  <testcase name="TestBooleanComparison" classname="cpsc326.InterpreterTest" time="0.008"/>
  <testcase name="TestBooleanBang" classname="cpsc326.InterpreterTest" time="0.0"/>
  <testcase name="TestBoolean" classname="cpsc326.InterpreterTest" time="0.0"/>
  <testcase name="TestDivideByZero" classname="cpsc326.InterpreterTest" time="0.0">
    <system-err><![CDATA[[line 1] Error: You cannot divide by zero!
]]></system-err>
  </testcase>
</testsuite>